
  .   ____          _            __ _ _
 /\\ / ___'_ __ _ _(_)_ __  __ _ \ \ \ \
( ( )\___ | '_ | '_| | '_ \/ _` | \ \ \ \
 \\/  ___)| |_)| | | | | || (_| |  ) ) ) )
  '  |____| .__|_| |_|_| |_\__, | / / / /
 =========|_|==============|___/=/_/_/_/

 :: Spring Boot ::                (v3.3.4)

2024-10-01T10:39:18.884+09:00  INFO 13481 --- [SpringApp] [           main] com.ce.fisa.SpringAppApplication         : Starting SpringAppApplication v0.0.1-SNAPSHOT using Java 17.0.12 with PID 13481 (/home/username/appjardir/SpringApp-0.0.1-SNAPSHOT.jar started by username in /home/username/appjardir)
2024-10-01T10:39:18.895+09:00  INFO 13481 --- [SpringApp] [           main] com.ce.fisa.SpringAppApplication         : No active profile set, falling back to 1 default profile: "default"
2024-10-01T10:39:20.999+09:00  INFO 13481 --- [SpringApp] [           main] o.s.b.w.embedded.tomcat.TomcatWebServer  : Tomcat initialized with port 8999 (http)
2024-10-01T10:39:21.029+09:00  INFO 13481 --- [SpringApp] [           main] o.apache.catalina.core.StandardService   : Starting service [Tomcat]
2024-10-01T10:39:21.029+09:00  INFO 13481 --- [SpringApp] [           main] o.apache.catalina.core.StandardEngine    : Starting Servlet engine: [Apache Tomcat/10.1.30]
2024-10-01T10:39:21.168+09:00  INFO 13481 --- [SpringApp] [           main] o.a.c.c.C.[Tomcat].[localhost].[/]       : Initializing Spring embedded WebApplicationContext
2024-10-01T10:39:21.171+09:00  INFO 13481 --- [SpringApp] [           main] w.s.c.ServletWebServerApplicationContext : Root WebApplicationContext: initialization completed in 2202 ms
2024-10-01T10:39:22.133+09:00  INFO 13481 --- [SpringApp] [           main] o.s.b.w.embedded.tomcat.TomcatWebServer  : Tomcat started on port 8999 (http) with context path '/'
2024-10-01T10:39:22.163+09:00  INFO 13481 --- [SpringApp] [           main] com.ce.fisa.SpringAppApplication         : Started SpringAppApplication in 3.796 seconds (process running for 4.56)
2024-10-01T10:39:25.301+09:00  INFO 13481 --- [SpringApp] [nio-8999-exec-1] o.a.c.c.C.[Tomcat].[localhost].[/]       : Initializing Spring DispatcherServlet 'dispatcherServlet'
2024-10-01T10:39:25.302+09:00  INFO 13481 --- [SpringApp] [nio-8999-exec-1] o.s.web.servlet.DispatcherServlet        : Initializing Servlet 'dispatcherServlet'
2024-10-01T10:39:25.303+09:00  INFO 13481 --- [SpringApp] [nio-8999-exec-1] o.s.web.servlet.DispatcherServlet        : Completed initialization in 1 ms
2024-10-01T10:39:25.326+09:00  INFO 13481 --- [SpringApp] [nio-8999-exec-1] c.ce.fisa.controller.ProcessController   : 요청 수락 ~~~
